<?xml version="1.0" encoding="UTF-8"?>
<!-- Generated by org.testng.reporters.JUnitXMLReporter -->
<testsuite ignored="0" hostname="DESKTOP-LKO54JA" failures="0" tests="5" name="Default test" time="12.617" errors="0" timestamp="2023-09-17T21:17:07 IST">
  <testcase classname="com.assignment.tests.APITest" name="generateToken" time="5.582"/>
  <testcase classname="com.assignment.tests.APITest" name="createBookingDetails" time="1.633"/>
  <testcase classname="com.assignment.tests.APITest" name="getBookingDetails" time="1.616"/>
  <testcase classname="com.assignment.tests.APITest" name="updateBookingDetails" time="1.497"/>
  <testcase classname="com.assignment.tests.APITest" name="deleteBookingDetails" time="1.49"/>
</testsuite> <!-- Default test -->
