<?xml version="1.0" encoding="UTF-8"?>
<testng-results ignored="0" total="5" passed="5" failed="0" skipped="0">
  <reporter-output>
  </reporter-output>
  <suite started-at="2023-09-17T21:16:54 IST" name="Default suite" finished-at="2023-09-17T21:17:07 IST" duration-ms="12617">
    <groups>
    </groups>
    <test started-at="2023-09-17T21:16:54 IST" name="Default test" finished-at="2023-09-17T21:17:07 IST" duration-ms="12617">
      <class name="com.assignment.tests.APITest">
        <test-method is-config="true" signature="setUp()[pri:0, instance:com.assignment.tests.APITest@5b03b9fe]" started-at="2023-09-17T21:16:54 IST" name="setUp" finished-at="2023-09-17T21:16:55 IST" duration-ms="704" status="PASS">
          <reporter-output>
          </reporter-output>
        </test-method> <!-- setUp -->
        <test-method signature="generateToken()[pri:0, instance:com.assignment.tests.APITest@5b03b9fe]" started-at="2023-09-17T21:16:55 IST" name="generateToken" finished-at="2023-09-17T21:17:00 IST" duration-ms="5582" status="PASS">
          <reporter-output>
          </reporter-output>
        </test-method> <!-- generateToken -->
        <test-method signature="createBookingDetails()[pri:0, instance:com.assignment.tests.APITest@5b03b9fe]" started-at="2023-09-17T21:17:00 IST" name="createBookingDetails" finished-at="2023-09-17T21:17:02 IST" depends-on-methods="com.assignment.tests.APITest.generateToken" duration-ms="1633" status="PASS">
          <reporter-output>
          </reporter-output>
        </test-method> <!-- createBookingDetails -->
        <test-method signature="getBookingDetails()[pri:0, instance:com.assignment.tests.APITest@5b03b9fe]" started-at="2023-09-17T21:17:02 IST" name="getBookingDetails" finished-at="2023-09-17T21:17:04 IST" depends-on-methods="com.assignment.tests.APITest.createBookingDetails" duration-ms="1616" status="PASS">
          <reporter-output>
          </reporter-output>
        </test-method> <!-- getBookingDetails -->
        <test-method signature="updateBookingDetails()[pri:0, instance:com.assignment.tests.APITest@5b03b9fe]" started-at="2023-09-17T21:17:04 IST" name="updateBookingDetails" finished-at="2023-09-17T21:17:05 IST" depends-on-methods="com.assignment.tests.APITest.getBookingDetails" duration-ms="1497" status="PASS">
          <reporter-output>
          </reporter-output>
        </test-method> <!-- updateBookingDetails -->
        <test-method signature="deleteBookingDetails()[pri:0, instance:com.assignment.tests.APITest@5b03b9fe]" started-at="2023-09-17T21:17:05 IST" name="deleteBookingDetails" finished-at="2023-09-17T21:17:07 IST" depends-on-methods="com.assignment.tests.APITest.updateBookingDetails" duration-ms="1490" status="PASS">
          <reporter-output>
          </reporter-output>
        </test-method> <!-- deleteBookingDetails -->
      </class> <!-- com.assignment.tests.APITest -->
    </test> <!-- Default test -->
  </suite> <!-- Default suite -->
</testng-results>
